<?xml version="1.0" encoding="UTF-8"?>
<!-- Generated by org.testng.reporters.JUnitReportReporter -->
<testsuite hostname="DESKTOP-UK5D04V" failures="0" tests="3" name="testScripts.ExcelObjectTest" time="30.426" errors="0" timestamp="2024-04-10T08:54:25 IST" skipped="0">
  <testcase classname="testScripts.ExcelObjectTest" name="validLogin" time="10.371"/>
  <testcase classname="testScripts.ExcelObjectTest" name="validLogin" time="8.835"/>
  <testcase classname="testScripts.ExcelObjectTest" name="validLogin" time="11.220"/>
</testsuite> <!-- testScripts.ExcelObjectTest -->
