<?xml version="1.0" encoding="UTF-8"?>
<!-- Generated by org.testng.reporters.JUnitReportReporter -->
<testsuite hostname="EC2AMAZ-S11DBRH" failures="0" tests="4" name="parallelScripts.SampleFourTest" time="0.024" errors="0" timestamp="2023-10-26T13:17:46 GMT" skipped="0">
  <testcase classname="parallelScripts.SampleFourTest" name="testThree" time="0.007"/>
  <system-out/>
  <testcase classname="parallelScripts.SampleFourTest" name="testOne" time="0.003"/>
  <system-out/>
  <testcase classname="parallelScripts.SampleFourTest" name="testFour" time="0.011"/>
  <system-out/>
  <testcase classname="parallelScripts.SampleFourTest" name="testTwo" time="0.003"/>
  <system-out/>
</testsuite> <!-- parallelScripts.SampleFourTest -->
