<?xml version="1.0" encoding="UTF-8"?>
<!-- Generated by org.testng.reporters.JUnitReportReporter -->
<testsuite hostname="DESKTOP-UK5D04V" failures="0" tests="4" name="testScripts.LoginPageTest" time="26.921" errors="0" timestamp="2024-07-09T17:04:39 IST" skipped="0">
  <testcase classname="testScripts.LoginPageTest" name="validLogin" time="6.614"/>
  <testcase classname="testScripts.LoginPageTest" name="validLogin" time="8.061"/>
  <testcase classname="testScripts.LoginPageTest" name="validLogin" time="6.260"/>
  <testcase classname="testScripts.LoginPageTest" name="validLogin" time="5.986"/>
</testsuite> <!-- testScripts.LoginPageTest -->
