<?xml version="1.0" encoding="UTF-8"?>
<!-- Generated by org.testng.reporters.JUnitReportReporter -->
<testsuite hostname="DESKTOP-UK5D04V" failures="0" tests="2" name="testScripts.DatabaseObjectTest" time="3.427" errors="0" timestamp="2024-07-09T18:40:37 IST" skipped="0">
  <testcase classname="testScripts.DatabaseObjectTest" name="readDataFromDB" time="2.910"/>
  <testcase classname="testScripts.DatabaseObjectTest" name="readDataFromDB" time="0.517"/>
</testsuite> <!-- testScripts.DatabaseObjectTest -->
