<?xml version="1.0" encoding="UTF-8"?>
<!-- Generated by org.testng.reporters.JUnitReportReporter -->
<testsuite hostname="EC2AMAZ-S11DBRH" failures="0" tests="1" name="testScripts.LoginPageTest" time="6.547" errors="0" timestamp="2023-10-31T09:48:32 GMT" skipped="0">
  <testcase classname="testScripts.LoginPageTest" name="validLogin" time="6.547"/>
  <system-out/>
</testsuite> <!-- testScripts.LoginPageTest -->
