<?xml version="1.0" encoding="UTF-8"?>
<!-- Generated by org.testng.reporters.JUnitReportReporter -->
<testsuite hostname="EC2AMAZ-S11DBRH" failures="0" tests="6" name="parallelScripts.SampleThreeTest" time="20.384" errors="0" timestamp="2023-10-26T13:29:05 GMT" skipped="0">
  <testcase classname="parallelScripts.SampleThreeTest" name="testFour" time="4.154"/>
  <system-out/>
  <testcase classname="parallelScripts.SampleThreeTest" name="testFour" time="4.418"/>
  <system-out/>
  <testcase classname="parallelScripts.SampleThreeTest" name="testFour" time="2.623"/>
  <system-out/>
  <testcase classname="parallelScripts.SampleThreeTest" name="testFour" time="2.465"/>
  <system-out/>
  <testcase classname="parallelScripts.SampleThreeTest" name="testFour" time="4.272"/>
  <system-out/>
  <testcase classname="parallelScripts.SampleThreeTest" name="testFour" time="2.452"/>
  <system-out/>
</testsuite> <!-- parallelScripts.SampleThreeTest -->
