<?xml version="1.0" encoding="UTF-8"?>
<!-- Generated by org.testng.reporters.JUnitReportReporter -->
<testsuite hostname="EC2AMAZ-S11DBRH" failures="0" tests="4" name="testScripts.GooglePageTest" time="19.056" errors="0" timestamp="2023-10-26T14:21:25 GMT" skipped="2">
  <testcase classname="testScripts.GooglePageTest" name="javaSearchTest" time="10.451"/>
  <system-out/>
  <testcase classname="testScripts.GooglePageTest" name="seleniumSearchTest" time="8.605"/>
  <system-out/>
  <testcase classname="testScripts.GooglePageTest" name="appiumSearchTest">
    <skipped/>
  </testcase> <!-- appiumSearchTest -->
  <system-out/>
  <testcase classname="testScripts.GooglePageTest" name="cucumberSearchTest">
    <skipped/>
  </testcase> <!-- cucumberSearchTest -->
  <system-out/>
</testsuite> <!-- testScripts.GooglePageTest -->
