<?xml version="1.0" encoding="UTF-8"?>
<!-- Generated by org.testng.reporters.JUnitReportReporter -->
<testsuite hostname="EC2AMAZ-S11DBRH" failures="0" tests="1" name="testScripts.GooglePageTest" time="4.277" errors="0" timestamp="2023-10-25T14:19:28 GMT" skipped="0">
  <testcase classname="testScripts.GooglePageTest" name="javaSearchTest" time="4.277"/>
  <system-out/>
</testsuite> <!-- testScripts.GooglePageTest -->
