<?xml version="1.0" encoding="UTF-8"?>
<!-- Generated by org.testng.reporters.JUnitReportReporter -->
<testsuite hostname="EC2AMAZ-S11DBRH" failures="0" tests="1" name="testScripts.SampleTest" time="5.710" errors="0" timestamp="2023-10-25T14:16:24 GMT" skipped="0">
  <testcase classname="testScripts.SampleTest" name="cypressSearchTest" time="5.710"/>
  <system-out/>
</testsuite> <!-- testScripts.SampleTest -->
